#-----------------------------------------------------------
# Vivado v2017.4 (64-bit)
# SW Build 2086221 on Fri Dec 15 20:55:39 MST 2017
# IP Build 2085800 on Fri Dec 15 22:25:07 MST 2017
# Start of session at: Thu Aug  1 16:35:49 2024
# Process ID: 21752
# Current directory: C:/Users/lenovo/Desktop/LUSIP_Experiments/PROJECT-4_Binary_Decoder
# Command line: vivado.exe -gui_launcher_event rodinguilauncherevent304 C:\Users\lenovo\Desktop\LUSIP_Experiments\PROJECT-4_Binary_Decoder\Binary_Decoder.xpr
# Log file: C:/Users/lenovo/Desktop/LUSIP_Experiments/PROJECT-4_Binary_Decoder/vivado.log
# Journal file: C:/Users/lenovo/Desktop/LUSIP_Experiments/PROJECT-4_Binary_Decoder\vivado.jou
#-----------------------------------------------------------
start_gui
open_project C:/Users/lenovo/Desktop/LUSIP_Experiments/PROJECT-4_Binary_Decoder/Binary_Decoder.xpr
INFO: [Project 1-313] Project file moved from 'C:/Users/lenovo/Binary_Decoder' since last save.
Scanning sources...
Finished scanning sources
INFO: [IP_Flow 19-234] Refreshing IP repositories
INFO: [IP_Flow 19-1704] No user IP repositories specified
INFO: [IP_Flow 19-2313] Loaded Vivado IP repository 'C:/Xilinx/Vivado/2017.4/data/ip'.
update_compile_order -fileset sources_1
exit
INFO: [Common 17-206] Exiting Vivado at Thu Aug  1 16:37:36 2024...
