Copyright 1986-2017 Xilinx, Inc. All Rights Reserved.
--------------------------------------------------------------------------------------------------------------------------------------------------------------------------------------------------------
| Tool Version : Vivado v.2017.4 (win64) Build 2086221 Fri Dec 15 20:55:39 MST 2017
| Date         : Fri Jul 12 14:30:35 2024
| Host         : Raunak-Thinkpad running 64-bit major release  (build 9200)
| Command      : report_methodology -file BLE_Decryption_wrapper_methodology_drc_routed.rpt -pb BLE_Decryption_wrapper_methodology_drc_routed.pb -rpx BLE_Decryption_wrapper_methodology_drc_routed.rpx
| Design       : BLE_Decryption_wrapper
| Device       : xc7s50csga324-1
| Speed File   : -1
| Design State : Routed
--------------------------------------------------------------------------------------------------------------------------------------------------------------------------------------------------------

Report Methodology

Table of Contents
-----------------
1. REPORT SUMMARY
2. REPORT DETAILS

1. REPORT SUMMARY
-----------------
            Netlist: netlist
          Floorplan: design_1
      Design limits: <entire design considered>
             Max violations: <unlimited>
             Violations found: 20
+-----------+----------+-------------------------------+------------+
| Rule      | Severity | Description                   | Violations |
+-----------+----------+-------------------------------+------------+
| TIMING-17 | Warning  | Non-clocked sequential cell   | 4          |
| TIMING-18 | Warning  | Missing input or output delay | 2          |
| TIMING-20 | Warning  | Non-clocked latch             | 14         |
+-----------+----------+-------------------------------+------------+

2. REPORT DETAILS
-----------------
TIMING-17#1 Warning
Non-clocked sequential cell  
The clock pin BLE_Decryption_i/Seven_seg_0/inst/L3/temp_reg[0]/C is not reached by a timing clock
Related violations: <none>

TIMING-17#2 Warning
Non-clocked sequential cell  
The clock pin BLE_Decryption_i/Seven_seg_0/inst/L3/temp_reg[1]/C is not reached by a timing clock
Related violations: <none>

TIMING-17#3 Warning
Non-clocked sequential cell  
The clock pin BLE_Decryption_i/Seven_seg_1/inst/L3/temp_reg[0]/C is not reached by a timing clock
Related violations: <none>

TIMING-17#4 Warning
Non-clocked sequential cell  
The clock pin BLE_Decryption_i/Seven_seg_1/inst/L3/temp_reg[1]/C is not reached by a timing clock
Related violations: <none>

TIMING-18#1 Warning
Missing input or output delay  
An input delay is missing on i_serial_BLE relative to clock(s) mclk
Related violations: <none>

TIMING-18#2 Warning
Missing input or output delay  
An output delay is missing on Tx_Uart relative to clock(s) mclk
Related violations: <none>

TIMING-20#1 Warning
Non-clocked latch  
The latch BLE_Decryption_i/Seven_seg_0/inst/L6/Seg_reg[0] cannot be properly analyzed as its control pin BLE_Decryption_i/Seven_seg_0/inst/L6/Seg_reg[0]/G is not reached by a timing clock
Related violations: <none>

TIMING-20#2 Warning
Non-clocked latch  
The latch BLE_Decryption_i/Seven_seg_0/inst/L6/Seg_reg[1] cannot be properly analyzed as its control pin BLE_Decryption_i/Seven_seg_0/inst/L6/Seg_reg[1]/G is not reached by a timing clock
Related violations: <none>

TIMING-20#3 Warning
Non-clocked latch  
The latch BLE_Decryption_i/Seven_seg_0/inst/L6/Seg_reg[2] cannot be properly analyzed as its control pin BLE_Decryption_i/Seven_seg_0/inst/L6/Seg_reg[2]/G is not reached by a timing clock
Related violations: <none>

TIMING-20#4 Warning
Non-clocked latch  
The latch BLE_Decryption_i/Seven_seg_0/inst/L6/Seg_reg[3] cannot be properly analyzed as its control pin BLE_Decryption_i/Seven_seg_0/inst/L6/Seg_reg[3]/G is not reached by a timing clock
Related violations: <none>

TIMING-20#5 Warning
Non-clocked latch  
The latch BLE_Decryption_i/Seven_seg_0/inst/L6/Seg_reg[4] cannot be properly analyzed as its control pin BLE_Decryption_i/Seven_seg_0/inst/L6/Seg_reg[4]/G is not reached by a timing clock
Related violations: <none>

TIMING-20#6 Warning
Non-clocked latch  
The latch BLE_Decryption_i/Seven_seg_0/inst/L6/Seg_reg[5] cannot be properly analyzed as its control pin BLE_Decryption_i/Seven_seg_0/inst/L6/Seg_reg[5]/G is not reached by a timing clock
Related violations: <none>

TIMING-20#7 Warning
Non-clocked latch  
The latch BLE_Decryption_i/Seven_seg_0/inst/L6/Seg_reg[6] cannot be properly analyzed as its control pin BLE_Decryption_i/Seven_seg_0/inst/L6/Seg_reg[6]/G is not reached by a timing clock
Related violations: <none>

TIMING-20#8 Warning
Non-clocked latch  
The latch BLE_Decryption_i/Seven_seg_1/inst/L6/Seg_reg[0] cannot be properly analyzed as its control pin BLE_Decryption_i/Seven_seg_1/inst/L6/Seg_reg[0]/G is not reached by a timing clock
Related violations: <none>

TIMING-20#9 Warning
Non-clocked latch  
The latch BLE_Decryption_i/Seven_seg_1/inst/L6/Seg_reg[1] cannot be properly analyzed as its control pin BLE_Decryption_i/Seven_seg_1/inst/L6/Seg_reg[1]/G is not reached by a timing clock
Related violations: <none>

TIMING-20#10 Warning
Non-clocked latch  
The latch BLE_Decryption_i/Seven_seg_1/inst/L6/Seg_reg[2] cannot be properly analyzed as its control pin BLE_Decryption_i/Seven_seg_1/inst/L6/Seg_reg[2]/G is not reached by a timing clock
Related violations: <none>

TIMING-20#11 Warning
Non-clocked latch  
The latch BLE_Decryption_i/Seven_seg_1/inst/L6/Seg_reg[3] cannot be properly analyzed as its control pin BLE_Decryption_i/Seven_seg_1/inst/L6/Seg_reg[3]/G is not reached by a timing clock
Related violations: <none>

TIMING-20#12 Warning
Non-clocked latch  
The latch BLE_Decryption_i/Seven_seg_1/inst/L6/Seg_reg[4] cannot be properly analyzed as its control pin BLE_Decryption_i/Seven_seg_1/inst/L6/Seg_reg[4]/G is not reached by a timing clock
Related violations: <none>

TIMING-20#13 Warning
Non-clocked latch  
The latch BLE_Decryption_i/Seven_seg_1/inst/L6/Seg_reg[5] cannot be properly analyzed as its control pin BLE_Decryption_i/Seven_seg_1/inst/L6/Seg_reg[5]/G is not reached by a timing clock
Related violations: <none>

TIMING-20#14 Warning
Non-clocked latch  
The latch BLE_Decryption_i/Seven_seg_1/inst/L6/Seg_reg[6] cannot be properly analyzed as its control pin BLE_Decryption_i/Seven_seg_1/inst/L6/Seg_reg[6]/G is not reached by a timing clock
Related violations: <none>


