#-----------------------------------------------------------
# Vivado v2017.4 (64-bit)
# SW Build 2086221 on Fri Dec 15 20:55:39 MST 2017
# IP Build 2085800 on Fri Dec 15 22:25:07 MST 2017
# Start of session at: Thu Aug  1 16:25:14 2024
# Process ID: 1888
# Current directory: C:/Users/lenovo/Desktop/LUSIP_Experiments/PROJECT-1_GPIO
# Command line: vivado.exe -gui_launcher_event rodinguilauncherevent22332 C:\Users\lenovo\Desktop\LUSIP_Experiments\PROJECT-1_GPIO\PROJECT-1_GPIO.xpr
# Log file: C:/Users/lenovo/Desktop/LUSIP_Experiments/PROJECT-1_GPIO/vivado.log
# Journal file: C:/Users/lenovo/Desktop/LUSIP_Experiments/PROJECT-1_GPIO\vivado.jou
#-----------------------------------------------------------
start_gui
open_project C:/Users/lenovo/Desktop/LUSIP_Experiments/PROJECT-1_GPIO/PROJECT-1_GPIO.xpr
INFO: [Project 1-313] Project file moved from 'C:/Users/lenovo/PROJECT-1_GPIO' since last save.
Scanning sources...
Finished scanning sources
INFO: [IP_Flow 19-234] Refreshing IP repositories
INFO: [IP_Flow 19-1704] No user IP repositories specified
INFO: [IP_Flow 19-2313] Loaded Vivado IP repository 'C:/Xilinx/Vivado/2017.4/data/ip'.
open_project: Time (s): cpu = 00:00:15 ; elapsed = 00:00:18 . Memory (MB): peak = 728.621 ; gain = 47.367
uupdate_compile_order -fileset sources_1launch_simulation
INFO: [Vivado 12-5682] Launching behavioral simulation in 'C:/Users/lenovo/Desktop/LUSIP_Experiments/PROJECT-1_GPIO/PROJECT-1_GPIO.sim/sim_1/behav/xsim'
INFO: [SIM-utils-51] Simulation object is 'sim_1'
INFO: [SIM-utils-54] Inspecting design source files for 'gpio_tb' in fileset 'sim_1'...
INFO: [USF-XSim-97] Finding global include files...
INFO: [USF-XSim-98] Fetching design files from 'sim_1'...
INFO: [USF-XSim-2] XSim::Compile design
INFO: [USF-XSim-61] Executing 'COMPILE and ANALYZE' step in 'C:/Users/lenovo/Desktop/LUSIP_Experiments/PROJECT-1_GPIO/PROJECT-1_GPIO.sim/sim_1/behav/xsim'
"xvlog --incr --relax -prj gpio_tb_vlog.prj"
INFO: [VRFC 10-2263] Analyzing Verilog file "C:/Users/lenovo/Desktop/LUSIP_Experiments/PROJECT-1_GPIO/PROJECT-1_GPIO.srcs/sources_1/new/GPIO.v" into library xil_defaultlib
INFO: [VRFC 10-311] analyzing module GPIO
INFO: [VRFC 10-2263] Analyzing Verilog file "C:/Users/lenovo/Desktop/LUSIP_Experiments/PROJECT-1_GPIO/PROJECT-1_GPIO.srcs/sim_1/new/gpio_tb.v" into library xil_defaultlib
INFO: [VRFC 10-311] analyzing module gpio_tb
INFO: [VRFC 10-2263] Analyzing Verilog file "C:/Users/lenovo/Desktop/LUSIP_Experiments/PROJECT-1_GPIO/PROJECT-1_GPIO.sim/sim_1/behav/xsim/glbl.v" into library xil_defaultlib
INFO: [VRFC 10-311] analyzing module glbl
INFO: [USF-XSim-69] 'compile' step finished in '2' seconds
INFO: [USF-XSim-3] XSim::Elaborate design
INFO: [USF-XSim-61] Executing 'ELABORATE' step in 'C:/Users/lenovo/Desktop/LUSIP_Experiments/PROJECT-1_GPIO/PROJECT-1_GPIO.sim/sim_1/behav/xsim'
Vivado Simulator 2017.4
Copyright 1986-1999, 2001-2016 Xilinx, Inc. All Rights Reserved.
Running: C:/Xilinx/Vivado/2017.4/bin/unwrapped/win64.o/xelab.exe -wto 151edea941fb4c369d867bfda0bdf34a --incr --debug typical --relax --mt 2 -L xil_defaultlib -L unisims_ver -L unimacro_ver -L secureip --snapshot gpio_tb_behav xil_defaultlib.gpio_tb xil_defaultlib.glbl -log elaborate.log 
Using 2 slave threads.
Starting static elaboration
Completed static elaboration
Starting simulation data flow analysis
Completed simulation data flow analysis
Time Resolution for simulation is 1ps
Compiling module xil_defaultlib.GPIO
Compiling module xil_defaultlib.gpio_tb
Compiling module xil_defaultlib.glbl
Built simulation snapshot gpio_tb_behav

****** Webtalk v2017.4 (64-bit)
  **** SW Build 2086221 on Fri Dec 15 20:55:39 MST 2017
  **** IP Build 2085800 on Fri Dec 15 22:25:07 MST 2017
    ** Copyright 1986-2017 Xilinx, Inc. All Rights Reserved.

source C:/Users/lenovo/Desktop/LUSIP_Experiments/PROJECT-1_GPIO/PROJECT-1_GPIO.sim/sim_1/behav/xsim/xsim.dir/gpio_tb_behav/webtalk/xsim_webtalk.tcl -notrace
INFO: [Common 17-206] Exiting Webtalk at Thu Aug  1 16:27:06 2024...
run_program: Time (s): cpu = 00:00:00 ; elapsed = 00:00:07 . Memory (MB): peak = 799.469 ; gain = 0.000
INFO: [USF-XSim-69] 'elaborate' step finished in '7' seconds
INFO: [USF-XSim-4] XSim::Simulate design
INFO: [USF-XSim-61] Executing 'SIMULATE' step in 'C:/Users/lenovo/Desktop/LUSIP_Experiments/PROJECT-1_GPIO/PROJECT-1_GPIO.sim/sim_1/behav/xsim'
INFO: [USF-XSim-98] *** Running xsim
   with args "gpio_tb_behav -key {Behavioral:sim_1:Functional:gpio_tb} -tclbatch {gpio_tb.tcl} -log {simulate.log}"
INFO: [USF-XSim-8] Loading simulator feature
Vivado Simulator 2017.4
Time resolution is 1 ps
source gpio_tb.tcl
# set curr_wave [current_wave_config]
# if { [string length $curr_wave] == 0 } {
#   if { [llength [get_objects]] > 0} {
#     add_wave /
#     set_property needs_save false [current_wave_config]
#   } else {
#      send_msg_id Add_Wave-1 WARNING "No top level signals found. Simulator will start without a wave window. If you want to open a wave window go to 'File->New Waveform Configuration' or type 'create_wave_config' in the TCL console."
#   }
# }
# run 1000ns
$finish called at time : 40 ns : File "C:/Users/lenovo/Desktop/LUSIP_Experiments/PROJECT-1_GPIO/PROJECT-1_GPIO.srcs/sim_1/new/gpio_tb.v" Line 20
INFO: [USF-XSim-96] XSim completed. Design snapshot 'gpio_tb_behav' loaded.
INFO: [USF-XSim-97] XSim simulation ran for 1000ns
launch_simulation: Time (s): cpu = 00:00:04 ; elapsed = 00:00:13 . Memory (MB): peak = 799.469 ; gain = 0.000
close_sim
INFO: [Simtcl 6-16] Simulation closed
close_sim: Time (s): cpu = 00:00:02 ; elapsed = 00:00:06 . Memory (MB): peak = 804.742 ; gain = 4.281
exit
INFO: [Common 17-206] Exiting Vivado at Thu Aug  1 16:27:29 2024...
