#-----------------------------------------------------------
# Vivado v2017.4 (64-bit)
# SW Build 2086221 on Fri Dec 15 20:55:39 MST 2017
# IP Build 2085800 on Fri Dec 15 22:25:07 MST 2017
# Start of session at: Thu Aug  1 17:04:04 2024
# Process ID: 3240
# Current directory: C:/Users/lenovo/Traffic_Light_controller
# Command line: vivado.exe -gui_launcher_event rodinguilauncherevent19320 C:\Users\lenovo\Traffic_Light_controller\Traffic_Light_controller.xpr
# Log file: C:/Users/lenovo/Traffic_Light_controller/vivado.log
# Journal file: C:/Users/lenovo/Traffic_Light_controller\vivado.jou
#-----------------------------------------------------------
start_gui
open_project C:/Users/lenovo/Traffic_Light_controller/Traffic_Light_controller.xpr
Scanning sources...
Finished scanning sources
INFO: [IP_Flow 19-234] Refreshing IP repositories
INFO: [IP_Flow 19-1704] No user IP repositories specified
INFO: [IP_Flow 19-2313] Loaded Vivado IP repository 'C:/Xilinx/Vivado/2017.4/data/ip'.
open_project: Time (s): cpu = 00:00:08 ; elapsed = 00:00:06 . Memory (MB): peak = 795.449 ; gain = 89.770
update_compile_order -fileset sources_1
exit
INFO: [Common 17-206] Exiting Vivado at Thu Aug  1 17:07:06 2024...
