#-----------------------------------------------------------
# Vivado v2017.4 (64-bit)
# SW Build 2086221 on Fri Dec 15 20:55:39 MST 2017
# IP Build 2085800 on Fri Dec 15 22:25:07 MST 2017
# Start of session at: Thu Aug  1 16:48:33 2024
# Process ID: 19628
# Current directory: C:/Users/lenovo/PROJECT-12_couter_application
# Command line: vivado.exe -gui_launcher_event rodinguilauncherevent15392 C:\Users\lenovo\PROJECT-12_couter_application\PROJECT-12_couter_application.xpr
# Log file: C:/Users/lenovo/PROJECT-12_couter_application/vivado.log
# Journal file: C:/Users/lenovo/PROJECT-12_couter_application\vivado.jou
#-----------------------------------------------------------
start_gui
open_project C:/Users/lenovo/PROJECT-12_couter_application/PROJECT-12_couter_application.xpr
Scanning sources...
Finished scanning sources
INFO: [IP_Flow 19-234] Refreshing IP repositories
INFO: [IP_Flow 19-1704] No user IP repositories specified
INFO: [IP_Flow 19-2313] Loaded Vivado IP repository 'C:/Xilinx/Vivado/2017.4/data/ip'.
update_compile_order -fileset sources_1
exit
INFO: [Common 17-206] Exiting Vivado at Thu Aug  1 16:51:52 2024...
