11:39:55 INFO  : Registering command handlers for SDK TCF services
11:39:56 INFO  : Launching XSCT server: xsct.bat -interactive C:\Users\lenovo\PROJECT-20_GPIO_AND_UART_MICROBLAZE\PROJECT-20_GPIO_AND_UART_MICROBLAZE.sdk\temp_xsdb_launch_script.tcl
11:40:01 INFO  : XSCT server has started successfully.
11:40:06 INFO  : Successfully done setting XSCT server connection channel  
11:40:06 INFO  : Successfully done setting SDK workspace  
11:40:06 INFO  : Processing command line option -hwspec C:/Users/lenovo/PROJECT-20_GPIO_AND_UART_MICROBLAZE/PROJECT-20_GPIO_AND_UART_MICROBLAZE.sdk/GPIO_UART_wrapper.hdf.
11:42:07 INFO  : Connected to target on host '127.0.0.1' and port '3121'.
11:42:07 INFO  : 'targets -set -filter {jtag_cable_name =~ "RealDigital Boo 887222440570A" && level==0} -index 0' command is executed.
11:42:08 INFO  : FPGA configured successfully with bitstream "C:/Users/lenovo/PROJECT-20_GPIO_AND_UART_MICROBLAZE/PROJECT-20_GPIO_AND_UART_MICROBLAZE.sdk/GPIO_UART_wrapper_hw_platform_0/download.bit"
11:42:22 INFO  : 'targets -set -filter {jtag_cable_name =~ "RealDigital Boo 887222440570A" && level==0} -index 0' command is executed.
11:42:22 INFO  : 'fpga -state' command is executed.
11:42:22 INFO  : Connected to target on host '127.0.0.1' and port '3121'.
11:42:22 INFO  : Jtag cable 'RealDigital Boo 887222440570A' is selected.
11:42:22 INFO  : 'jtag frequency' command is executed.
11:42:22 INFO  : Context for processor 'microblaze_0' is selected.
11:42:22 INFO  : Processor reset is completed for 'microblaze_0'.
11:42:22 INFO  : Context for processor 'microblaze_0' is selected.
11:42:22 INFO  : The application 'C:/Users/lenovo/PROJECT-20_GPIO_AND_UART_MICROBLAZE/PROJECT-20_GPIO_AND_UART_MICROBLAZE.sdk/PROJECT_20_UART_GPIO/Debug/PROJECT_20_UART_GPIO.elf' is downloaded to processor 'microblaze_0'.
11:42:22 INFO  : ----------------XSDB Script----------------
connect -url tcp:127.0.0.1:3121
targets -set -nocase -filter {name =~ "microblaze*#0" && bscan=="USER2"  && jtag_cable_name =~ "RealDigital Boo 887222440570A"} -index 0
rst -processor
targets -set -nocase -filter {name =~ "microblaze*#0" && bscan=="USER2"  && jtag_cable_name =~ "RealDigital Boo 887222440570A"} -index 0
dow C:/Users/lenovo/PROJECT-20_GPIO_AND_UART_MICROBLAZE/PROJECT-20_GPIO_AND_UART_MICROBLAZE.sdk/PROJECT_20_UART_GPIO/Debug/PROJECT_20_UART_GPIO.elf
----------------End of Script----------------

11:42:23 INFO  : Memory regions updated for context MicroBlaze #0
11:42:23 INFO  : Memory regions updated for context MicroBlaze #0
11:42:23 INFO  : Context for processor 'microblaze_0' is selected.
11:42:23 INFO  : 'con' command is executed.
11:42:23 INFO  : ----------------XSDB Script (After Launch)----------------
targets -set -nocase -filter {name =~ "microblaze*#0" && bscan=="USER2"  && jtag_cable_name =~ "RealDigital Boo 887222440570A"} -index 0
con
----------------End of Script----------------

11:42:23 INFO  : Launch script is exported to file 'C:\Users\lenovo\PROJECT-20_GPIO_AND_UART_MICROBLAZE\PROJECT-20_GPIO_AND_UART_MICROBLAZE.sdk\.sdk\launch_scripts\xilinx_c-c++_application_(system_debugger)\system_debugger_using_debug_project_20_uart_gpio.elf_on_local.tcl'
11:43:13 INFO  : Disconnected from the channel tcfchan#1.
11:43:14 INFO  : 'targets -set -filter {jtag_cable_name =~ "RealDigital Boo 887222440570A" && level==0} -index 0' command is executed.
11:43:14 INFO  : 'fpga -state' command is executed.
11:43:14 INFO  : Connected to target on host '127.0.0.1' and port '3121'.
11:43:14 INFO  : Jtag cable 'RealDigital Boo 887222440570A' is selected.
11:43:14 INFO  : 'jtag frequency' command is executed.
11:43:15 INFO  : Context for processor 'microblaze_0' is selected.
11:43:15 INFO  : Processor reset is completed for 'microblaze_0'.
11:43:15 INFO  : Context for processor 'microblaze_0' is selected.
11:43:15 INFO  : The application 'C:/Users/lenovo/PROJECT-20_GPIO_AND_UART_MICROBLAZE/PROJECT-20_GPIO_AND_UART_MICROBLAZE.sdk/PROJECT_20_UART_GPIO/Debug/PROJECT_20_UART_GPIO.elf' is downloaded to processor 'microblaze_0'.
11:43:15 INFO  : ----------------XSDB Script----------------
connect -url tcp:127.0.0.1:3121
targets -set -nocase -filter {name =~ "microblaze*#0" && bscan=="USER2"  && jtag_cable_name =~ "RealDigital Boo 887222440570A"} -index 0
rst -processor
targets -set -nocase -filter {name =~ "microblaze*#0" && bscan=="USER2"  && jtag_cable_name =~ "RealDigital Boo 887222440570A"} -index 0
dow C:/Users/lenovo/PROJECT-20_GPIO_AND_UART_MICROBLAZE/PROJECT-20_GPIO_AND_UART_MICROBLAZE.sdk/PROJECT_20_UART_GPIO/Debug/PROJECT_20_UART_GPIO.elf
----------------End of Script----------------

11:43:15 INFO  : Memory regions updated for context MicroBlaze #0
11:43:15 INFO  : Memory regions updated for context MicroBlaze #0
11:43:15 INFO  : Context for processor 'microblaze_0' is selected.
11:43:15 INFO  : 'con' command is executed.
11:43:15 INFO  : ----------------XSDB Script (After Launch)----------------
targets -set -nocase -filter {name =~ "microblaze*#0" && bscan=="USER2"  && jtag_cable_name =~ "RealDigital Boo 887222440570A"} -index 0
con
----------------End of Script----------------

11:43:15 INFO  : Launch script is exported to file 'C:\Users\lenovo\PROJECT-20_GPIO_AND_UART_MICROBLAZE\PROJECT-20_GPIO_AND_UART_MICROBLAZE.sdk\.sdk\launch_scripts\xilinx_c-c++_application_(system_debugger)\system_debugger_using_debug_project_20_uart_gpio.elf_on_local.tcl'
11:43:23 INFO  : Disconnected from the channel tcfchan#2.
11:43:24 INFO  : 'targets -set -filter {jtag_cable_name =~ "RealDigital Boo 887222440570A" && level==0} -index 0' command is executed.
11:43:24 INFO  : 'fpga -state' command is executed.
11:43:24 INFO  : Connected to target on host '127.0.0.1' and port '3121'.
11:43:25 INFO  : Jtag cable 'RealDigital Boo 887222440570A' is selected.
11:43:25 INFO  : 'jtag frequency' command is executed.
11:43:25 INFO  : Context for processor 'microblaze_0' is selected.
11:43:25 INFO  : Processor reset is completed for 'microblaze_0'.
11:43:25 INFO  : Context for processor 'microblaze_0' is selected.
11:43:25 INFO  : The application 'C:/Users/lenovo/PROJECT-20_GPIO_AND_UART_MICROBLAZE/PROJECT-20_GPIO_AND_UART_MICROBLAZE.sdk/PROJECT_20_UART_GPIO/Debug/PROJECT_20_UART_GPIO.elf' is downloaded to processor 'microblaze_0'.
11:43:25 INFO  : ----------------XSDB Script----------------
connect -url tcp:127.0.0.1:3121
targets -set -nocase -filter {name =~ "microblaze*#0" && bscan=="USER2"  && jtag_cable_name =~ "RealDigital Boo 887222440570A"} -index 0
rst -processor
targets -set -nocase -filter {name =~ "microblaze*#0" && bscan=="USER2"  && jtag_cable_name =~ "RealDigital Boo 887222440570A"} -index 0
dow C:/Users/lenovo/PROJECT-20_GPIO_AND_UART_MICROBLAZE/PROJECT-20_GPIO_AND_UART_MICROBLAZE.sdk/PROJECT_20_UART_GPIO/Debug/PROJECT_20_UART_GPIO.elf
----------------End of Script----------------

11:43:25 INFO  : Memory regions updated for context MicroBlaze #0
11:43:25 INFO  : Memory regions updated for context MicroBlaze #0
11:43:25 INFO  : Context for processor 'microblaze_0' is selected.
11:43:25 INFO  : 'con' command is executed.
11:43:25 INFO  : ----------------XSDB Script (After Launch)----------------
targets -set -nocase -filter {name =~ "microblaze*#0" && bscan=="USER2"  && jtag_cable_name =~ "RealDigital Boo 887222440570A"} -index 0
con
----------------End of Script----------------

11:43:25 INFO  : Launch script is exported to file 'C:\Users\lenovo\PROJECT-20_GPIO_AND_UART_MICROBLAZE\PROJECT-20_GPIO_AND_UART_MICROBLAZE.sdk\.sdk\launch_scripts\xilinx_c-c++_application_(system_debugger)\system_debugger_using_debug_project_20_uart_gpio.elf_on_local.tcl'
12:12:47 INFO  : Connected to target on host '127.0.0.1' and port '3121'.
12:12:47 INFO  : 'targets -set -filter {jtag_cable_name =~ "RealDigital Boo 887222440570A" && level==0} -index 0' command is executed.
12:12:48 INFO  : FPGA configured successfully with bitstream "C:/Users/lenovo/PROJECT-20_GPIO_AND_UART_MICROBLAZE/PROJECT-20_GPIO_AND_UART_MICROBLAZE.sdk/GPIO_UART_wrapper_hw_platform_0/download.bit"
12:13:02 INFO  : Disconnected from the channel tcfchan#3.
12:13:03 INFO  : 'targets -set -filter {jtag_cable_name =~ "RealDigital Boo 887222440570A" && level==0} -index 0' command is executed.
12:13:03 INFO  : 'fpga -state' command is executed.
12:13:03 INFO  : Connected to target on host '127.0.0.1' and port '3121'.
12:13:03 INFO  : Jtag cable 'RealDigital Boo 887222440570A' is selected.
12:13:03 INFO  : 'jtag frequency' command is executed.
12:13:04 INFO  : Context for processor 'microblaze_0' is selected.
12:13:04 INFO  : Processor reset is completed for 'microblaze_0'.
12:13:04 INFO  : Context for processor 'microblaze_0' is selected.
12:13:04 INFO  : The application 'C:/Users/lenovo/PROJECT-20_GPIO_AND_UART_MICROBLAZE/PROJECT-20_GPIO_AND_UART_MICROBLAZE.sdk/PROJECT_20_UART_GPIO/Debug/PROJECT_20_UART_GPIO.elf' is downloaded to processor 'microblaze_0'.
12:13:04 INFO  : ----------------XSDB Script----------------
connect -url tcp:127.0.0.1:3121
targets -set -nocase -filter {name =~ "microblaze*#0" && bscan=="USER2"  && jtag_cable_name =~ "RealDigital Boo 887222440570A"} -index 0
rst -processor
targets -set -nocase -filter {name =~ "microblaze*#0" && bscan=="USER2"  && jtag_cable_name =~ "RealDigital Boo 887222440570A"} -index 0
dow C:/Users/lenovo/PROJECT-20_GPIO_AND_UART_MICROBLAZE/PROJECT-20_GPIO_AND_UART_MICROBLAZE.sdk/PROJECT_20_UART_GPIO/Debug/PROJECT_20_UART_GPIO.elf
----------------End of Script----------------

12:13:04 INFO  : Memory regions updated for context MicroBlaze #0
12:13:04 INFO  : Memory regions updated for context MicroBlaze #0
12:13:04 INFO  : Context for processor 'microblaze_0' is selected.
12:13:04 INFO  : 'con' command is executed.
12:13:04 INFO  : ----------------XSDB Script (After Launch)----------------
targets -set -nocase -filter {name =~ "microblaze*#0" && bscan=="USER2"  && jtag_cable_name =~ "RealDigital Boo 887222440570A"} -index 0
con
----------------End of Script----------------

12:13:04 INFO  : Launch script is exported to file 'C:\Users\lenovo\PROJECT-20_GPIO_AND_UART_MICROBLAZE\PROJECT-20_GPIO_AND_UART_MICROBLAZE.sdk\.sdk\launch_scripts\xilinx_c-c++_application_(system_debugger)\system_debugger_using_debug_project_20_uart_gpio.elf_on_local.tcl'
12:14:04 INFO  : Connected to target on host '127.0.0.1' and port '3121'.
12:14:04 INFO  : 'targets -set -filter {jtag_cable_name =~ "RealDigital Boo 887222440570A" && level==0} -index 0' command is executed.
12:14:06 INFO  : FPGA configured successfully with bitstream "C:/Users/lenovo/PROJECT-20_GPIO_AND_UART_MICROBLAZE/PROJECT-20_GPIO_AND_UART_MICROBLAZE.sdk/GPIO_UART_wrapper_hw_platform_0/download.bit"
12:14:14 INFO  : Disconnected from the channel tcfchan#4.
12:14:15 INFO  : 'targets -set -filter {jtag_cable_name =~ "RealDigital Boo 887222440570A" && level==0} -index 0' command is executed.
12:14:15 INFO  : 'fpga -state' command is executed.
12:14:15 INFO  : Connected to target on host '127.0.0.1' and port '3121'.
12:14:15 INFO  : Jtag cable 'RealDigital Boo 887222440570A' is selected.
12:14:15 INFO  : 'jtag frequency' command is executed.
12:14:15 INFO  : Context for processor 'microblaze_0' is selected.
12:14:15 INFO  : Processor reset is completed for 'microblaze_0'.
12:14:15 INFO  : Context for processor 'microblaze_0' is selected.
12:14:15 INFO  : The application 'C:/Users/lenovo/PROJECT-20_GPIO_AND_UART_MICROBLAZE/PROJECT-20_GPIO_AND_UART_MICROBLAZE.sdk/PROJECT_20_UART_GPIO/Debug/PROJECT_20_UART_GPIO.elf' is downloaded to processor 'microblaze_0'.
12:14:15 INFO  : ----------------XSDB Script----------------
connect -url tcp:127.0.0.1:3121
targets -set -nocase -filter {name =~ "microblaze*#0" && bscan=="USER2"  && jtag_cable_name =~ "RealDigital Boo 887222440570A"} -index 0
rst -processor
targets -set -nocase -filter {name =~ "microblaze*#0" && bscan=="USER2"  && jtag_cable_name =~ "RealDigital Boo 887222440570A"} -index 0
dow C:/Users/lenovo/PROJECT-20_GPIO_AND_UART_MICROBLAZE/PROJECT-20_GPIO_AND_UART_MICROBLAZE.sdk/PROJECT_20_UART_GPIO/Debug/PROJECT_20_UART_GPIO.elf
----------------End of Script----------------

12:14:15 INFO  : Memory regions updated for context MicroBlaze #0
12:14:15 INFO  : Memory regions updated for context MicroBlaze #0
12:14:16 INFO  : Context for processor 'microblaze_0' is selected.
12:14:16 INFO  : 'con' command is executed.
12:14:16 INFO  : ----------------XSDB Script (After Launch)----------------
targets -set -nocase -filter {name =~ "microblaze*#0" && bscan=="USER2"  && jtag_cable_name =~ "RealDigital Boo 887222440570A"} -index 0
con
----------------End of Script----------------

12:14:16 INFO  : Launch script is exported to file 'C:\Users\lenovo\PROJECT-20_GPIO_AND_UART_MICROBLAZE\PROJECT-20_GPIO_AND_UART_MICROBLAZE.sdk\.sdk\launch_scripts\xilinx_c-c++_application_(system_debugger)\system_debugger_using_debug_project_20_uart_gpio.elf_on_local.tcl'
12:15:47 INFO  : Connected to target on host '127.0.0.1' and port '3121'.
12:15:48 INFO  : 'targets -set -filter {jtag_cable_name =~ "RealDigital Boo 887222440570A" && level==0} -index 0' command is executed.
12:15:49 INFO  : FPGA configured successfully with bitstream "C:/Users/lenovo/PROJECT-20_GPIO_AND_UART_MICROBLAZE/PROJECT-20_GPIO_AND_UART_MICROBLAZE.sdk/GPIO_UART_wrapper_hw_platform_0/download.bit"
12:15:57 INFO  : Disconnected from the channel tcfchan#5.
12:15:58 INFO  : 'targets -set -filter {jtag_cable_name =~ "RealDigital Boo 887222440570A" && level==0} -index 0' command is executed.
12:15:59 INFO  : 'fpga -state' command is executed.
12:15:59 INFO  : Connected to target on host '127.0.0.1' and port '3121'.
12:15:59 INFO  : Jtag cable 'RealDigital Boo 887222440570A' is selected.
12:15:59 INFO  : 'jtag frequency' command is executed.
12:15:59 INFO  : Context for processor 'microblaze_0' is selected.
12:15:59 INFO  : Processor reset is completed for 'microblaze_0'.
12:15:59 INFO  : Context for processor 'microblaze_0' is selected.
12:15:59 INFO  : The application 'C:/Users/lenovo/PROJECT-20_GPIO_AND_UART_MICROBLAZE/PROJECT-20_GPIO_AND_UART_MICROBLAZE.sdk/PROJECT_20_UART_GPIO/Debug/PROJECT_20_UART_GPIO.elf' is downloaded to processor 'microblaze_0'.
12:15:59 INFO  : ----------------XSDB Script----------------
connect -url tcp:127.0.0.1:3121
targets -set -nocase -filter {name =~ "microblaze*#0" && bscan=="USER2"  && jtag_cable_name =~ "RealDigital Boo 887222440570A"} -index 0
rst -processor
targets -set -nocase -filter {name =~ "microblaze*#0" && bscan=="USER2"  && jtag_cable_name =~ "RealDigital Boo 887222440570A"} -index 0
dow C:/Users/lenovo/PROJECT-20_GPIO_AND_UART_MICROBLAZE/PROJECT-20_GPIO_AND_UART_MICROBLAZE.sdk/PROJECT_20_UART_GPIO/Debug/PROJECT_20_UART_GPIO.elf
----------------End of Script----------------

12:15:59 INFO  : Memory regions updated for context MicroBlaze #0
12:15:59 INFO  : Memory regions updated for context MicroBlaze #0
12:15:59 INFO  : Context for processor 'microblaze_0' is selected.
12:15:59 INFO  : 'con' command is executed.
12:15:59 INFO  : ----------------XSDB Script (After Launch)----------------
targets -set -nocase -filter {name =~ "microblaze*#0" && bscan=="USER2"  && jtag_cable_name =~ "RealDigital Boo 887222440570A"} -index 0
con
----------------End of Script----------------

12:15:59 INFO  : Launch script is exported to file 'C:\Users\lenovo\PROJECT-20_GPIO_AND_UART_MICROBLAZE\PROJECT-20_GPIO_AND_UART_MICROBLAZE.sdk\.sdk\launch_scripts\xilinx_c-c++_application_(system_debugger)\system_debugger_using_debug_project_20_uart_gpio.elf_on_local.tcl'
12:19:09 INFO  : Connected to target on host '127.0.0.1' and port '3121'.
12:19:09 INFO  : 'targets -set -filter {jtag_cable_name =~ "RealDigital Boo 887222440570A" && level==0} -index 0' command is executed.
12:19:11 INFO  : FPGA configured successfully with bitstream "C:/Users/lenovo/PROJECT-20_GPIO_AND_UART_MICROBLAZE/PROJECT-20_GPIO_AND_UART_MICROBLAZE.sdk/GPIO_UART_wrapper_hw_platform_0/download.bit"
12:19:22 WARN  : Given IPC port value is invalid. Using default port 2350
12:19:22 WARN  : Given XMD timeout value is invalid. Using default value of 50000
12:19:23 WARN  : Given XMD transaction timeout value is invalid. Using default value of 60000 milli seconds
12:19:26 WARN  : Given XMD transaction timeout value is invalid. Using default value of 60000 milli seconds
12:19:26 INFO  : Disconnected from the channel tcfchan#6.
12:19:33 WARN  : Given XMD transaction timeout value is invalid. Using default value of 60000 milli seconds
12:19:33 WARN  : Given XMD transaction timeout value is invalid. Using default value of 60000 milli seconds
12:19:33 WARN  : Given XMD transaction timeout value is invalid. Using default value of 60000 milli seconds
12:19:33 WARN  : Given XMD transaction timeout value is invalid. Using default value of 60000 milli seconds
12:19:33 WARN  : Given XMD transaction timeout value is invalid. Using default value of 60000 milli seconds
12:19:33 INFO  : Processor reset is completed for microblaze_0
12:19:33 WARN  : Given XMD transaction timeout value is invalid. Using default value of 60000 milli seconds
12:19:33 WARN  : Given XMD transaction timeout value is invalid. Using default value of 60000 milli seconds
12:19:34 WARN  : Given XMD transaction timeout value is invalid. Using default value of 60000 milli seconds
12:19:34 WARN  : Given XMD transaction timeout value is invalid. Using default value of 60000 milli seconds
12:19:34 WARN  : Given XMD transaction timeout value is invalid. Using default value of 60000 milli seconds
12:19:34 WARN  : Given XMD transaction timeout value is invalid. Using default value of 60000 milli seconds
12:19:40 WARN  : Given XMD transaction timeout value is invalid. Using default value of 60000 milli seconds
12:19:40 WARN  : Given XMD transaction timeout value is invalid. Using default value of 60000 milli seconds
12:45:23 INFO  : SDK has detected change in the last modified timestamps for source hardware specification file Source:1721717940377,  Project:1721714892157
12:45:23 INFO  : Project GPIO_UART_wrapper_hw_platform_0's source hardware specification located at C:/Users/lenovo/PROJECT-20_GPIO_AND_UART_MICROBLAZE/PROJECT-20_GPIO_AND_UART_MICROBLAZE.sdk/GPIO_UART_wrapper.hdf is now different from the local copy.
		 The local copy will be replaced with the source specification and your workspace will be updated.
13:03:56 INFO  : Copied contents of C:/Users/lenovo/PROJECT-20_GPIO_AND_UART_MICROBLAZE/PROJECT-20_GPIO_AND_UART_MICROBLAZE.sdk/GPIO_UART_wrapper.hdf into \GPIO_UART_wrapper_hw_platform_0\system.hdf.
13:03:57 INFO  : Synchronizing projects in the workspace with the hardware platform specification changes.
13:04:02 INFO  : 
13:04:03 INFO  : Updating hardware inferred compiler options for PROJECT_20_UART_GPIO.
13:04:03 INFO  : Clearing existing target manager status.
13:04:03 INFO  : Closing and re-opening the MSS file of ther project PROJECT_20_UART_GPIO_bsp
13:04:04 INFO  : Closing and re-opening the MSS file of ther project PROJECT_20_UART_GPIO_bsp
13:04:05 INFO  : Workspace synchronized with the new hardware specification file. Cleaning dependent projects...
13:04:07 WARN  : Linker script will not be updated automatically. Users need to update it manually.
13:16:09 INFO  : Connected to target on host '127.0.0.1' and port '3121'.
13:16:09 ERROR : 'targets -set -filter {jtag_cable_name =~ "RealDigital Boo 887222440570A" && level==0} -index 0' is cancelled.
13:16:09 INFO  : Issued abort command to xsdb.
13:16:38 ERROR : Failed to connect to hardware server on host '127.0.0.1' and port '3121'.
Reason: abort
13:17:15 ERROR : Failed to connect to hardware server on host '127.0.0.1' and port '3121'.
Reason: abort
13:17:35 ERROR : Unexpected error while parsing XMD response ?: com.google.gson.JsonSyntaxException: com.google.gson.stream.MalformedJsonException: invalid number or unquoted string near 
13:20:42 INFO  : Registering command handlers for SDK TCF services
13:20:43 INFO  : Launching XSCT server: xsct.bat -interactive C:\Users\lenovo\PROJECT-20_GPIO_AND_UART_MICROBLAZE\PROJECT-20_GPIO_AND_UART_MICROBLAZE.sdk\temp_xsdb_launch_script.tcl
13:20:48 INFO  : XSCT server has started successfully.
13:20:51 INFO  : Successfully done setting XSCT server connection channel  
13:20:51 INFO  : Successfully done setting SDK workspace  
13:20:51 INFO  : Processing command line option -hwspec C:/Users/lenovo/PROJECT-20_GPIO_AND_UART_MICROBLAZE/PROJECT-20_GPIO_AND_UART_MICROBLAZE.sdk/GPIO_UART_wrapper.hdf.
13:20:51 INFO  : Checking for hwspec changes in the project GPIO_UART_wrapper_hw_platform_0.
13:21:15 INFO  : Connected to target on host '127.0.0.1' and port '3121'.
13:21:15 INFO  : 'targets -set -filter {jtag_cable_name =~ "RealDigital Boo 887222440570A" && level==0} -index 0' command is executed.
13:21:17 INFO  : FPGA configured successfully with bitstream "C:/Users/lenovo/PROJECT-20_GPIO_AND_UART_MICROBLAZE/PROJECT-20_GPIO_AND_UART_MICROBLAZE.sdk/GPIO_UART_wrapper_hw_platform_0/download.bit"
13:21:27 WARN  : Given IPC port value is invalid. Using default port 2350
13:21:27 WARN  : Given XMD timeout value is invalid. Using default value of 50000
13:21:29 WARN  : Given XMD transaction timeout value is invalid. Using default value of 60000 milli seconds
13:21:29 WARN  : Given XMD transaction timeout value is invalid. Using default value of 60000 milli seconds
13:21:31 WARN  : Given XMD transaction timeout value is invalid. Using default value of 60000 milli seconds
13:21:31 WARN  : Given XMD transaction timeout value is invalid. Using default value of 60000 milli seconds
13:21:31 WARN  : Given XMD transaction timeout value is invalid. Using default value of 60000 milli seconds
13:21:31 WARN  : Given XMD transaction timeout value is invalid. Using default value of 60000 milli seconds
13:21:31 WARN  : Given XMD transaction timeout value is invalid. Using default value of 60000 milli seconds
13:21:32 INFO  : Processor reset is completed for microblaze_0
13:21:32 WARN  : Given XMD transaction timeout value is invalid. Using default value of 60000 milli seconds
13:21:32 WARN  : Given XMD transaction timeout value is invalid. Using default value of 60000 milli seconds
13:21:32 WARN  : Given XMD transaction timeout value is invalid. Using default value of 60000 milli seconds
13:21:32 WARN  : Given XMD transaction timeout value is invalid. Using default value of 60000 milli seconds
13:21:32 WARN  : Given XMD transaction timeout value is invalid. Using default value of 60000 milli seconds
13:21:32 WARN  : Given XMD transaction timeout value is invalid. Using default value of 60000 milli seconds
13:23:16 WARN  : Given XMD transaction timeout value is invalid. Using default value of 60000 milli seconds
13:23:16 WARN  : Given XMD transaction timeout value is invalid. Using default value of 60000 milli seconds
14:14:09 ERROR : Unexpected error while parsing XMD response ?: com.google.gson.JsonSyntaxException: com.google.gson.stream.MalformedJsonException: invalid number or unquoted string near 
