#-----------------------------------------------------------
# Vivado v2017.4 (64-bit)
# SW Build 2086221 on Fri Dec 15 20:55:39 MST 2017
# IP Build 2085800 on Fri Dec 15 22:25:07 MST 2017
# Start of session at: Thu Aug  1 16:54:09 2024
# Process ID: 16616
# Current directory: C:/Users/lenovo/Desktop/LUSIP_Experiments/PROJECT-15_Seven_seg_Display_Driver
# Command line: vivado.exe -gui_launcher_event rodinguilauncherevent18452 C:\Users\lenovo\Desktop\LUSIP_Experiments\PROJECT-15_Seven_seg_Display_Driver\PROJECT-14_Seven_seg_Display_Driver.xpr
# Log file: C:/Users/lenovo/Desktop/LUSIP_Experiments/PROJECT-15_Seven_seg_Display_Driver/vivado.log
# Journal file: C:/Users/lenovo/Desktop/LUSIP_Experiments/PROJECT-15_Seven_seg_Display_Driver\vivado.jou
#-----------------------------------------------------------
start_gui
open_project C:/Users/lenovo/Desktop/LUSIP_Experiments/PROJECT-15_Seven_seg_Display_Driver/PROJECT-14_Seven_seg_Display_Driver.xpr
INFO: [Project 1-313] Project file moved from 'C:/Users/lenovo/PROJECT-14_Seven_seg_Display_Driver' since last save.
Scanning sources...
Finished scanning sources
INFO: [IP_Flow 19-234] Refreshing IP repositories
INFO: [IP_Flow 19-1704] No user IP repositories specified
INFO: [IP_Flow 19-2313] Loaded Vivado IP repository 'C:/Xilinx/Vivado/2017.4/data/ip'.
open_project: Time (s): cpu = 00:00:14 ; elapsed = 00:00:10 . Memory (MB): peak = 772.094 ; gain = 77.473
update_compile_order -fileset sources_1
export_ip_user_files -of_objects  [get_files C:/Users/lenovo/Desktop/LUSIP_Experiments/PROJECT-15_Seven_seg_Display_Driver/PROJECT-14_Seven_seg_Display_Driver.srcs/sources_1/imports/new/modsixteencounter.v] -no_script -reset -force -quiet
remove_files  C:/Users/lenovo/Desktop/LUSIP_Experiments/PROJECT-15_Seven_seg_Display_Driver/PROJECT-14_Seven_seg_Display_Driver.srcs/sources_1/imports/new/modsixteencounter.v
export_ip_user_files -of_objects  [get_files C:/Users/lenovo/Desktop/LUSIP_Experiments/PROJECT-15_Seven_seg_Display_Driver/PROJECT-14_Seven_seg_Display_Driver.srcs/sources_1/imports/new/Seven_segment.v] -no_script -reset -force -quiet
remove_files  C:/Users/lenovo/Desktop/LUSIP_Experiments/PROJECT-15_Seven_seg_Display_Driver/PROJECT-14_Seven_seg_Display_Driver.srcs/sources_1/imports/new/Seven_segment.v
export_ip_user_files -of_objects  [get_files C:/Users/lenovo/Desktop/LUSIP_Experiments/PROJECT-15_Seven_seg_Display_Driver/PROJECT-14_Seven_seg_Display_Driver.srcs/sources_1/imports/new/counterrrpart.v] -no_script -reset -force -quiet
remove_files  C:/Users/lenovo/Desktop/LUSIP_Experiments/PROJECT-15_Seven_seg_Display_Driver/PROJECT-14_Seven_seg_Display_Driver.srcs/sources_1/imports/new/counterrrpart.v
exit
INFO: [Common 17-206] Exiting Vivado at Thu Aug  1 16:56:02 2024...
