#-----------------------------------------------------------
# Vivado v2017.4 (64-bit)
# SW Build 2086221 on Fri Dec 15 20:55:39 MST 2017
# IP Build 2085800 on Fri Dec 15 22:25:07 MST 2017
# Start of session at: Thu Aug  1 16:30:27 2024
# Process ID: 16756
# Current directory: C:/Users/lenovo/Desktop/LUSIP_Experiments/Project-3_MUX_2x1
# Command line: vivado.exe -gui_launcher_event rodinguilauncherevent22296 C:\Users\lenovo\Desktop\LUSIP_Experiments\Project-3_MUX_2x1\Project-3_MUX_2x1.xpr
# Log file: C:/Users/lenovo/Desktop/LUSIP_Experiments/Project-3_MUX_2x1/vivado.log
# Journal file: C:/Users/lenovo/Desktop/LUSIP_Experiments/Project-3_MUX_2x1\vivado.jou
#-----------------------------------------------------------
start_gui
open_project C:/Users/lenovo/Desktop/LUSIP_Experiments/Project-3_MUX_2x1/Project-3_MUX_2x1.xpr
INFO: [Project 1-313] Project file moved from 'C:/Users/lenovo/Project-3_MUX_2x1' since last save.
Scanning sources...
Finished scanning sources
INFO: [IP_Flow 19-234] Refreshing IP repositories
INFO: [IP_Flow 19-1704] No user IP repositories specified
INFO: [IP_Flow 19-2313] Loaded Vivado IP repository 'C:/Xilinx/Vivado/2017.4/data/ip'.
open_project: Time (s): cpu = 00:00:11 ; elapsed = 00:00:07 . Memory (MB): peak = 791.652 ; gain = 74.492
update_compile_order -fileset sources_1
exit
INFO: [Common 17-206] Exiting Vivado at Thu Aug  1 16:30:56 2024...
