Copyright 1986-2017 Xilinx, Inc. All Rights Reserved.
-----------------------------------------------------------------------------------------------------------------------------------------------------------------------------------------------------
| Tool Version : Vivado v.2017.4 (win64) Build 2086221 Fri Dec 15 20:55:39 MST 2017
| Date         : Mon Jul 22 12:29:26 2024
| Host         : Raunak-Thinkpad running 64-bit major release  (build 9200)
| Command      : report_methodology -file maincarParkController_methodology_drc_routed.rpt -pb maincarParkController_methodology_drc_routed.pb -rpx maincarParkController_methodology_drc_routed.rpx
| Design       : maincarParkController
| Device       : xc7s50csga324-1
| Speed File   : -1
| Design State : Routed
-----------------------------------------------------------------------------------------------------------------------------------------------------------------------------------------------------

Report Methodology

Table of Contents
-----------------
1. REPORT SUMMARY
2. REPORT DETAILS

1. REPORT SUMMARY
-----------------
            Netlist: netlist
          Floorplan: design_1
      Design limits: <entire design considered>
             Max violations: <unlimited>
             Violations found: 15
+-----------+----------+-----------------------------+------------+
| Rule      | Severity | Description                 | Violations |
+-----------+----------+-----------------------------+------------+
| TIMING-17 | Warning  | Non-clocked sequential cell | 9          |
| TIMING-20 | Warning  | Non-clocked latch           | 6          |
+-----------+----------+-----------------------------+------------+

2. REPORT DETAILS
-----------------
TIMING-17#1 Warning
Non-clocked sequential cell  
The clock pin U3/temp_reg[0]/C is not reached by a timing clock
Related violations: <none>

TIMING-17#2 Warning
Non-clocked sequential cell  
The clock pin U3/temp_reg[1]/C is not reached by a timing clock
Related violations: <none>

TIMING-17#3 Warning
Non-clocked sequential cell  
The clock pin Y_reg[0]/C is not reached by a timing clock
Related violations: <none>

TIMING-17#4 Warning
Non-clocked sequential cell  
The clock pin Y_reg[1]/C is not reached by a timing clock
Related violations: <none>

TIMING-17#5 Warning
Non-clocked sequential cell  
The clock pin Y_reg[2]/C is not reached by a timing clock
Related violations: <none>

TIMING-17#6 Warning
Non-clocked sequential cell  
The clock pin an2_reg[0]/C is not reached by a timing clock
Related violations: <none>

TIMING-17#7 Warning
Non-clocked sequential cell  
The clock pin an2_reg[1]/C is not reached by a timing clock
Related violations: <none>

TIMING-17#8 Warning
Non-clocked sequential cell  
The clock pin an2_reg[2]/C is not reached by a timing clock
Related violations: <none>

TIMING-17#9 Warning
Non-clocked sequential cell  
The clock pin an2_reg[3]/C is not reached by a timing clock
Related violations: <none>

TIMING-20#1 Warning
Non-clocked latch  
The latch U4/Seg_reg[0] cannot be properly analyzed as its control pin U4/Seg_reg[0]/G is not reached by a timing clock
Related violations: <none>

TIMING-20#2 Warning
Non-clocked latch  
The latch U4/Seg_reg[1] cannot be properly analyzed as its control pin U4/Seg_reg[1]/G is not reached by a timing clock
Related violations: <none>

TIMING-20#3 Warning
Non-clocked latch  
The latch U4/Seg_reg[2] cannot be properly analyzed as its control pin U4/Seg_reg[2]/G is not reached by a timing clock
Related violations: <none>

TIMING-20#4 Warning
Non-clocked latch  
The latch U4/Seg_reg[3] cannot be properly analyzed as its control pin U4/Seg_reg[3]/G is not reached by a timing clock
Related violations: <none>

TIMING-20#5 Warning
Non-clocked latch  
The latch U4/Seg_reg[5] cannot be properly analyzed as its control pin U4/Seg_reg[5]/G is not reached by a timing clock
Related violations: <none>

TIMING-20#6 Warning
Non-clocked latch  
The latch U4/Seg_reg[6] cannot be properly analyzed as its control pin U4/Seg_reg[6]/G is not reached by a timing clock
Related violations: <none>


