#-----------------------------------------------------------
# Vivado v2017.4 (64-bit)
# SW Build 2086221 on Fri Dec 15 20:55:39 MST 2017
# IP Build 2085800 on Fri Dec 15 22:25:07 MST 2017
# Start of session at: Thu Aug  1 19:12:08 2024
# Process ID: 12960
# Current directory: C:/Users/lenovo/Desktop/LUSIP_Experiments/BLE-Projects/PROJECT-28_BLE_secure_hardcoded/Encrypting_BLE_hardcoded
# Command line: vivado.exe -gui_launcher_event rodinguilauncherevent20812 C:\Users\lenovo\Desktop\LUSIP_Experiments\BLE-Projects\PROJECT-28_BLE_secure_hardcoded\Encrypting_BLE_hardcoded\Robust_UART.xpr
# Log file: C:/Users/lenovo/Desktop/LUSIP_Experiments/BLE-Projects/PROJECT-28_BLE_secure_hardcoded/Encrypting_BLE_hardcoded/vivado.log
# Journal file: C:/Users/lenovo/Desktop/LUSIP_Experiments/BLE-Projects/PROJECT-28_BLE_secure_hardcoded/Encrypting_BLE_hardcoded\vivado.jou
#-----------------------------------------------------------
start_gui
open_project C:/Users/lenovo/Desktop/LUSIP_Experiments/BLE-Projects/PROJECT-28_BLE_secure_hardcoded/Encrypting_BLE_hardcoded/Robust_UART.xpr
INFO: [ProjectBase 1-489] The host OS only allows 260 characters in a normal path. The project is stored in a path with more than 80 characters. If you experience issues with IP, Block Designs, or files not being found, please consider moving the project to a location with a shorter path. Alternately consider using the OS subst command to map part of the path to a drive letter.
Current project path is 'C:/Users/lenovo/Desktop/LUSIP_Experiments/BLE-Projects/PROJECT-28_BLE_secure_hardcoded/Encrypting_BLE_hardcoded'
INFO: [Project 1-313] Project file moved from 'C:/Users/lenovo/Robust_UART' since last save.
Scanning sources...
Finished scanning sources
INFO: [IP_Flow 19-234] Refreshing IP repositories
INFO: [IP_Flow 19-1704] No user IP repositories specified
INFO: [IP_Flow 19-2313] Loaded Vivado IP repository 'C:/Xilinx/Vivado/2017.4/data/ip'.
open_project: Time (s): cpu = 00:00:11 ; elapsed = 00:00:09 . Memory (MB): peak = 775.098 ; gain = 64.668
update_compile_order -fileset sources_1
export_ip_user_files -of_objects  [get_files C:/Users/lenovo/Desktop/LUSIP_Experiments/BLE-Projects/PROJECT-28_BLE_secure_hardcoded/Encrypting_BLE_hardcoded/Robust_UART.srcs/sources_1/imports/new/modsixteencounter.v] -no_script -reset -force -quiet
remove_files  C:/Users/lenovo/Desktop/LUSIP_Experiments/BLE-Projects/PROJECT-28_BLE_secure_hardcoded/Encrypting_BLE_hardcoded/Robust_UART.srcs/sources_1/imports/new/modsixteencounter.v
exit
INFO: [Common 17-206] Exiting Vivado at Thu Aug  1 19:13:42 2024...
